<?xml version="1.0" encoding="UTF-8"?>
<!-- Generated by org.testng.reporters.JUnitReportReporter -->
<testsuite hostname="DESKTOP-JJUDEBO" failures="0" tests="1" name="com.icabank.tests.RaknaPrivatlanTest" time="6.893" errors="0" timestamp="2022-03-24T17:19:57 CET" skipped="0">
  <testcase classname="com.icabank.tests.RaknaPrivatlanTest" name="calculatePrivatlanTest" time="6.893"/>
  <system-out/>
</testsuite> <!-- com.icabank.tests.RaknaPrivatlanTest -->
