<?xml version="1.0" encoding="UTF-8"?>
<!-- Generated by org.testng.reporters.JUnitReportReporter -->
<testsuite hostname="DESKTOP-JJUDEBO" failures="0" tests="4" name="com.icabank.tests.HurMycketLanaTest" time="39.477" errors="0" timestamp="2022-03-24T17:19:57 CET" skipped="0">
  <testcase classname="com.icabank.tests.HurMycketLanaTest" name="positiveBorrowingTest_1" time="10.491"/>
  <system-out/>
  <testcase classname="com.icabank.tests.HurMycketLanaTest" name="positiveBorrowingTest_2" time="9.106"/>
  <system-out/>
  <testcase classname="com.icabank.tests.HurMycketLanaTest" name="verifyingLinkTest" time="9.386"/>
  <system-out/>
  <testcase classname="com.icabank.tests.HurMycketLanaTest" name="negativeBorrowingTest_1" time="10.494"/>
  <system-out/>
</testsuite> <!-- com.icabank.tests.HurMycketLanaTest -->
